<?xml version="1.0" encoding="UTF-8"?>
<testsuite name="test.StephanieLinkedListTest" tests="1" skipped="0" failures="0" errors="0" timestamp="2021-02-24T01:19:27" hostname="steph-mbp.local" time="0.521">
  <properties/>
  <testcase name="retrieve size of linked list" classname="test.StephanieLinkedListTest" time="0.521"/>
  <system-out><![CDATA[]]></system-out>
  <system-err><![CDATA[]]></system-err>
</testsuite>
